# JRE version: Java(TM) SE Runtime Environment (8.0_241-b07) (build 1.8.0_241-b07)
# Java VM: Java HotSpot(TM) 64-Bit Server VM (25.241-b07 mixed mode windows-amd64 compressed oops)
Heap:
 PSYoungGen      total 212480K, used 162013K [0x0000000780000000, 0x0000000792c80000, 0x00000007c0000000)
  eden space 195584K, 74% used [0x0000000780000000,0x0000000788dbf780,0x000000078bf00000)
  from space 16896K, 99% used [0x000000078bf00000,0x000000078cf78050,0x000000078cf80000)
  to   space 22528K, 0% used [0x0000000791680000,0x0000000791680000,0x0000000792c80000)
 ParOldGen       total 84992K, used 48727K [0x0000000700000000, 0x0000000705300000, 0x0000000780000000)
  object space 84992K, 57% used [0x0000000700000000,0x0000000702f95de0,0x0000000705300000)
 Metaspace       used 54047K, capacity 55126K, committed 55464K, reserved 1097728K
  class space    used 7489K, capacity 7792K, committed 7856K, reserved 1048576K
GC Heap History (10 events):
Event: 30.421 GC heap before
{Heap before GC invocations=13 (full 2):
 PSYoungGen      total 123392K, used 120386K [0x0000000780000000, 0x0000000788980000, 0x00000007c0000000)
  eden space 116224K, 97% used [0x0000000780000000,0x0000000786ead370,0x0000000787180000)
  from space 7168K, 98% used [0x0000000788280000,0x0000000788963658,0x0000000788980000)
  to   space 11264K, 0% used [0x0000000787380000,0x0000000787380000,0x0000000787e80000)
 ParOldGen       total 84992K, used 15786K [0x0000000700000000, 0x0000000705300000, 0x0000000780000000)
  object space 84992K, 18% used [0x0000000700000000,0x0000000700f6abb0,0x0000000705300000)
 Metaspace       used 43930K, capacity 44804K, committed 45096K, reserved 1087488K
  class space    used 6104K, capacity 6368K, committed 6448K, reserved 1048576K
Event: 30.440 GC heap after
Heap after GC invocations=13 (full 2):
 PSYoungGen      total 129536K, used 9562K [0x0000000780000000, 0x000000078ad00000, 0x00000007c0000000)
  eden space 118272K, 0% used [0x0000000780000000,0x0000000780000000,0x0000000787380000)
  from space 11264K, 84% used [0x0000000787380000,0x0000000787cd6a98,0x0000000787e80000)
  to   space 11776K, 0% used [0x000000078a180000,0x000000078a180000,0x000000078ad00000)
 ParOldGen       total 84992K, used 19952K [0x0000000700000000, 0x0000000705300000, 0x0000000780000000)
  object space 84992K, 23% used [0x0000000700000000,0x000000070137c2f8,0x0000000705300000)
 Metaspace       used 43930K, capacity 44804K, committed 45096K, reserved 1087488K
  class space    used 6104K, capacity 6368K, committed 6448K, reserved 1048576K
}
Event: 33.387 GC heap before
{Heap before GC invocations=14 (full 2):
 PSYoungGen      total 129536K, used 127396K [0x0000000780000000, 0x000000078ad00000, 0x00000007c0000000)
  eden space 118272K, 99% used [0x0000000780000000,0x00000007873126f8,0x0000000787380000)
  from space 11264K, 84% used [0x0000000787380000,0x0000000787cd6a98,0x0000000787e80000)
  to   space 11776K, 0% used [0x000000078a180000,0x000000078a180000,0x000000078ad00000)
 ParOldGen       total 84992K, used 19952K [0x0000000700000000, 0x0000000705300000, 0x0000000780000000)
  object space 84992K, 23% used [0x0000000700000000,0x000000070137c2f8,0x0000000705300000)
 Metaspace       used 47515K, capacity 48518K, committed 48808K, reserved 1091584K
  class space    used 6714K, capacity 6997K, committed 7088K, reserved 1048576K
Event: 33.431 GC heap after
Heap after GC invocations=14 (full 2):
 PSYoungGen      total 165888K, used 7794K [0x0000000780000000, 0x000000078b080000, 0x00000007c0000000)
  eden space 154112K, 0% used [0x0000000780000000,0x0000000780000000,0x0000000789680000)
  from space 11776K, 66% used [0x000000078a180000,0x000000078a91c840,0x000000078ad00000)
  to   space 11264K, 0% used [0x0000000789680000,0x0000000789680000,0x000000078a180000)
 ParOldGen       total 84992K, used 23568K [0x0000000700000000, 0x0000000705300000, 0x0000000780000000)
  object space 84992K, 27% used [0x0000000700000000,0x0000000701704378,0x0000000705300000)
 Metaspace       used 47515K, capacity 48518K, committed 48808K, reserved 1091584K
  class space    used 6714K, capacity 6997K, committed 7088K, reserved 1048576K
}
Event: 39.636 GC heap before
{Heap before GC invocations=15 (full 2):
 PSYoungGen      total 165888K, used 161906K [0x0000000780000000, 0x000000078b080000, 0x00000007c0000000)
  eden space 154112K, 100% used [0x0000000780000000,0x0000000789680000,0x0000000789680000)
  from space 11776K, 66% used [0x000000078a180000,0x000000078a91c840,0x000000078ad00000)
  to   space 11264K, 0% used [0x0000000789680000,0x0000000789680000,0x000000078a180000)
 ParOldGen       total 84992K, used 23568K [0x0000000700000000, 0x0000000705300000, 0x0000000780000000)
  object space 84992K, 27% used [0x0000000700000000,0x0000000701704378,0x0000000705300000)
 Metaspace       used 49026K, capacity 50112K, committed 50344K, reserved 1091584K
  class space    used 6906K, capacity 7226K, committed 7344K, reserved 1048576K
Event: 39.648 GC heap after
Heap after GC invocations=15 (full 2):
 PSYoungGen      total 165376K, used 2846K [0x0000000780000000, 0x000000078db00000, 0x00000007c0000000)
  eden space 154112K, 0% used [0x0000000780000000,0x0000000780000000,0x0000000789680000)
  from space 11264K, 25% used [0x0000000789680000,0x0000000789947a58,0x000000078a180000)
  to   space 11776K, 0% used [0x000000078cf80000,0x000000078cf80000,0x000000078db00000)
 ParOldGen       total 84992K, used 29000K [0x0000000700000000, 0x0000000705300000, 0x0000000780000000)
  object space 84992K, 34% used [0x0000000700000000,0x0000000701c52118,0x0000000705300000)
 Metaspace       used 49026K, capacity 50112K, committed 50344K, reserved 1091584K
  class space    used 6906K, capacity 7226K, committed 7344K, reserved 1048576K
}
Event: 43.065 GC heap before
{Heap before GC invocations=16 (full 2):
 PSYoungGen      total 165376K, used 156839K [0x0000000780000000, 0x000000078db00000, 0x00000007c0000000)
  eden space 154112K, 99% used [0x0000000780000000,0x0000000789662520,0x0000000789680000)
  from space 11264K, 25% used [0x0000000789680000,0x0000000789947a58,0x000000078a180000)
  to   space 11776K, 0% used [0x000000078cf80000,0x000000078cf80000,0x000000078db00000)
 ParOldGen       total 84992K, used 29000K [0x0000000700000000, 0x0000000705300000, 0x0000000780000000)
  object space 84992K, 34% used [0x0000000700000000,0x0000000701c52118,0x0000000705300000)
 Metaspace       used 53695K, capacity 54870K, committed 55208K, reserved 1097728K
  class space    used 7464K, capacity 7778K, committed 7856K, reserved 1048576K
Event: 43.131 GC heap after
Heap after GC invocations=16 (full 2):
 PSYoungGen      total 207360K, used 11754K [0x0000000780000000, 0x000000078eb00000, 0x00000007c0000000)
  eden space 195584K, 0% used [0x0000000780000000,0x0000000780000000,0x000000078bf00000)
  from space 11776K, 99% used [0x000000078cf80000,0x000000078dafa880,0x000000078db00000)
  to   space 16896K, 0% used [0x000000078bf00000,0x000000078bf00000,0x000000078cf80000)
 ParOldGen       total 84992K, used 39587K [0x0000000700000000, 0x0000000705300000, 0x0000000780000000)
  object space 84992K, 46% used [0x0000000700000000,0x00000007026a8db8,0x0000000705300000)
 Metaspace       used 53695K, capacity 54870K, committed 55208K, reserved 1097728K
  class space    used 7464K, capacity 7778K, committed 7856K, reserved 1048576K
}
Event: 44.020 GC heap before
{Heap before GC invocations=17 (full 2):
 PSYoungGen      total 207360K, used 200878K [0x0000000780000000, 0x000000078eb00000, 0x00000007c0000000)
  eden space 195584K, 96% used [0x0000000780000000,0x000000078b8b1178,0x000000078bf00000)
  from space 11776K, 99% used [0x000000078cf80000,0x000000078dafa880,0x000000078db00000)
  to   space 16896K, 0% used [0x000000078bf00000,0x000000078bf00000,0x000000078cf80000)
 ParOldGen       total 84992K, used 39587K [0x0000000700000000, 0x0000000705300000, 0x0000000780000000)
  object space 84992K, 46% used [0x0000000700000000,0x00000007026a8db8,0x0000000705300000)
 Metaspace       used 53713K, capacity 54870K, committed 55208K, reserved 1097728K
  class space    used 7464K, capacity 7778K, committed 7856K, reserved 1048576K
Event: 44.031 GC heap after
Heap after GC invocations=17 (full 2):
 PSYoungGen      total 212480K, used 16864K [0x0000000780000000, 0x0000000792c80000, 0x00000007c0000000)
  eden space 195584K, 0% used [0x0000000780000000,0x0000000780000000,0x000000078bf00000)
  from space 16896K, 99% used [0x000000078bf00000,0x000000078cf78050,0x000000078cf80000)
  to   space 22528K, 0% used [0x0000000791680000,0x0000000791680000,0x0000000792c80000)
 ParOldGen       total 84992K, used 48727K [0x0000000700000000, 0x0000000705300000, 0x0000000780000000)
  object space 84992K, 57% used [0x0000000700000000,0x0000000702f95de0,0x0000000705300000)
 Metaspace       used 53713K, capacity 54870K, committed 55208K, reserved 1097728K
  class space    used 7464K, capacity 7778K, committed 7856K, reserved 1048576K
}

