# JRE version: Java(TM) SE Runtime Environment (8.0_241-b07) (build 1.8.0_241-b07)
# Java VM: Java HotSpot(TM) 64-Bit Server VM (25.241-b07 mixed mode windows-amd64 compressed oops)
Heap:
 PSYoungGen      total 210432K, used 162970K [0x0000000780000000, 0x0000000792b00000, 0x00000007c0000000)
  eden space 192512K, 75% used [0x0000000780000000,0x0000000788db67e8,0x000000078bc00000)
  from space 17920K, 99% used [0x000000078bc00000,0x000000078cd70070,0x000000078cd80000)
  to   space 20480K, 0% used [0x0000000791700000,0x0000000791700000,0x0000000792b00000)
 ParOldGen       total 87552K, used 49304K [0x0000000700000000, 0x0000000705580000, 0x0000000780000000)
  object space 87552K, 56% used [0x0000000700000000,0x00000007030263b8,0x0000000705580000)
 Metaspace       used 53995K, capacity 55062K, committed 55216K, reserved 1097728K
  class space    used 7503K, capacity 7792K, committed 7856K, reserved 1048576K
GC Heap History (10 events):
Event: 25.266 GC heap before
{Heap before GC invocations=13 (full 2):
 PSYoungGen      total 121344K, used 120216K [0x0000000780000000, 0x0000000788680000, 0x00000007c0000000)
  eden space 114176K, 99% used [0x0000000780000000,0x0000000786e87350,0x0000000786f80000)
  from space 7168K, 98% used [0x0000000787f80000,0x000000078865ee60,0x0000000788680000)
  to   space 10752K, 0% used [0x0000000787180000,0x0000000787180000,0x0000000787c00000)
 ParOldGen       total 87552K, used 15786K [0x0000000700000000, 0x0000000705580000, 0x0000000780000000)
  object space 87552K, 18% used [0x0000000700000000,0x0000000700f6ab90,0x0000000705580000)
 Metaspace       used 43949K, capacity 44900K, committed 45104K, reserved 1087488K
  class space    used 6118K, capacity 6400K, committed 6448K, reserved 1048576K
Event: 25.284 GC heap after
Heap after GC invocations=13 (full 2):
 PSYoungGen      total 126976K, used 10736K [0x0000000780000000, 0x000000078ac80000, 0x00000007c0000000)
  eden space 116224K, 0% used [0x0000000780000000,0x0000000780000000,0x0000000787180000)
  from space 10752K, 99% used [0x0000000787180000,0x0000000787bfc080,0x0000000787c00000)
  to   space 13312K, 0% used [0x0000000789f80000,0x0000000789f80000,0x000000078ac80000)
 ParOldGen       total 87552K, used 18832K [0x0000000700000000, 0x0000000705580000, 0x0000000780000000)
  object space 87552K, 21% used [0x0000000700000000,0x0000000701264110,0x0000000705580000)
 Metaspace       used 43949K, capacity 44900K, committed 45104K, reserved 1087488K
  class space    used 6118K, capacity 6400K, committed 6448K, reserved 1048576K
}
Event: 26.891 GC heap before
{Heap before GC invocations=14 (full 2):
 PSYoungGen      total 126976K, used 126877K [0x0000000780000000, 0x000000078ac80000, 0x00000007c0000000)
  eden space 116224K, 99% used [0x0000000780000000,0x000000078716b6c8,0x0000000787180000)
  from space 10752K, 99% used [0x0000000787180000,0x0000000787bfc080,0x0000000787c00000)
  to   space 13312K, 0% used [0x0000000789f80000,0x0000000789f80000,0x000000078ac80000)
 ParOldGen       total 87552K, used 18832K [0x0000000700000000, 0x0000000705580000, 0x0000000780000000)
  object space 87552K, 21% used [0x0000000700000000,0x0000000701264110,0x0000000705580000)
 Metaspace       used 47518K, capacity 48550K, committed 48816K, reserved 1091584K
  class space    used 6729K, capacity 7029K, committed 7088K, reserved 1048576K
Event: 26.920 GC heap after
Heap after GC invocations=14 (full 2):
 PSYoungGen      total 163840K, used 7426K [0x0000000780000000, 0x000000078b200000, 0x00000007c0000000)
  eden space 150528K, 0% used [0x0000000780000000,0x0000000780000000,0x0000000789300000)
  from space 13312K, 55% used [0x0000000789f80000,0x000000078a6c0b38,0x000000078ac80000)
  to   space 12800K, 0% used [0x0000000789300000,0x0000000789300000,0x0000000789f80000)
 ParOldGen       total 87552K, used 26049K [0x0000000700000000, 0x0000000705580000, 0x0000000780000000)
  object space 87552K, 29% used [0x0000000700000000,0x00000007019706f0,0x0000000705580000)
 Metaspace       used 47518K, capacity 48550K, committed 48816K, reserved 1091584K
  class space    used 6729K, capacity 7029K, committed 7088K, reserved 1048576K
}
Event: 34.715 GC heap before
{Heap before GC invocations=15 (full 2):
 PSYoungGen      total 163840K, used 157954K [0x0000000780000000, 0x000000078b200000, 0x00000007c0000000)
  eden space 150528K, 100% used [0x0000000780000000,0x0000000789300000,0x0000000789300000)
  from space 13312K, 55% used [0x0000000789f80000,0x000000078a6c0b38,0x000000078ac80000)
  to   space 12800K, 0% used [0x0000000789300000,0x0000000789300000,0x0000000789f80000)
 ParOldGen       total 87552K, used 26049K [0x0000000700000000, 0x0000000705580000, 0x0000000780000000)
  object space 87552K, 29% used [0x0000000700000000,0x00000007019706f0,0x0000000705580000)
 Metaspace       used 49013K, capacity 50048K, committed 50352K, reserved 1091584K
  class space    used 6920K, capacity 7226K, committed 7344K, reserved 1048576K
Event: 34.731 GC heap after
Heap after GC invocations=15 (full 2):
 PSYoungGen      total 163328K, used 2591K [0x0000000780000000, 0x000000078da00000, 0x00000007c0000000)
  eden space 150528K, 0% used [0x0000000780000000,0x0000000780000000,0x0000000789300000)
  from space 12800K, 20% used [0x0000000789300000,0x0000000789587c98,0x0000000789f80000)
  to   space 12800K, 0% used [0x000000078cd80000,0x000000078cd80000,0x000000078da00000)
 ParOldGen       total 87552K, used 31465K [0x0000000700000000, 0x0000000705580000, 0x0000000780000000)
  object space 87552K, 35% used [0x0000000700000000,0x0000000701eba490,0x0000000705580000)
 Metaspace       used 49013K, capacity 50048K, committed 50352K, reserved 1091584K
  class space    used 6920K, capacity 7226K, committed 7344K, reserved 1048576K
}
Event: 36.512 GC heap before
{Heap before GC invocations=16 (full 2):
 PSYoungGen      total 163328K, used 153119K [0x0000000780000000, 0x000000078da00000, 0x00000007c0000000)
  eden space 150528K, 100% used [0x0000000780000000,0x0000000789300000,0x0000000789300000)
  from space 12800K, 20% used [0x0000000789300000,0x0000000789587c98,0x0000000789f80000)
  to   space 12800K, 0% used [0x000000078cd80000,0x000000078cd80000,0x000000078da00000)
 ParOldGen       total 87552K, used 31465K [0x0000000700000000, 0x0000000705580000, 0x0000000780000000)
  object space 87552K, 35% used [0x0000000700000000,0x0000000701eba490,0x0000000705580000)
 Metaspace       used 53648K, capacity 54806K, committed 54960K, reserved 1095680K
  class space    used 7479K, capacity 7778K, committed 7856K, reserved 1048576K
Event: 36.567 GC heap after
Heap after GC invocations=16 (full 2):
 PSYoungGen      total 205312K, used 12777K [0x0000000780000000, 0x000000078ee00000, 0x00000007c0000000)
  eden space 192512K, 0% used [0x0000000780000000,0x0000000780000000,0x000000078bc00000)
  from space 12800K, 99% used [0x000000078cd80000,0x000000078d9fa4f0,0x000000078da00000)
  to   space 17920K, 0% used [0x000000078bc00000,0x000000078bc00000,0x000000078cd80000)
 ParOldGen       total 87552K, used 41065K [0x0000000700000000, 0x0000000705580000, 0x0000000780000000)
  object space 87552K, 46% used [0x0000000700000000,0x000000070281a4c0,0x0000000705580000)
 Metaspace       used 53648K, capacity 54806K, committed 54960K, reserved 1095680K
  class space    used 7479K, capacity 7778K, committed 7856K, reserved 1048576K
}
Event: 37.441 GC heap before
{Heap before GC invocations=17 (full 2):
 PSYoungGen      total 205312K, used 204988K [0x0000000780000000, 0x000000078ee00000, 0x00000007c0000000)
  eden space 192512K, 99% used [0x0000000780000000,0x000000078bbb4ba0,0x000000078bc00000)
  from space 12800K, 99% used [0x000000078cd80000,0x000000078d9fa4f0,0x000000078da00000)
  to   space 17920K, 0% used [0x000000078bc00000,0x000000078bc00000,0x000000078cd80000)
 ParOldGen       total 87552K, used 41065K [0x0000000700000000, 0x0000000705580000, 0x0000000780000000)
  object space 87552K, 46% used [0x0000000700000000,0x000000070281a4c0,0x0000000705580000)
 Metaspace       used 53663K, capacity 54806K, committed 54960K, reserved 1095680K
  class space    used 7479K, capacity 7778K, committed 7856K, reserved 1048576K
Event: 37.452 GC heap after
Heap after GC invocations=17 (full 2):
 PSYoungGen      total 210432K, used 17856K [0x0000000780000000, 0x0000000792b00000, 0x00000007c0000000)
  eden space 192512K, 0% used [0x0000000780000000,0x0000000780000000,0x000000078bc00000)
  from space 17920K, 99% used [0x000000078bc00000,0x000000078cd70070,0x000000078cd80000)
  to   space 20480K, 0% used [0x0000000791700000,0x0000000791700000,0x0000000792b00000)
 ParOldGen       total 87552K, used 49304K [0x0000000700000000, 0x0000000705580000, 0x0000000780000000)
  object space 87552K, 56% used [0x0000000700000000,0x00000007030263b8,0x0000000705580000)
 Metaspace       used 53663K, capacity 54806K, committed 54960K, reserved 1095680K
  class space    used 7479K, capacity 7778K, committed 7856K, reserved 1048576K
}

