# JRE version: Java(TM) SE Runtime Environment (8.0_241-b07) (build 1.8.0_241-b07)
# Java VM: Java HotSpot(TM) 64-Bit Server VM (25.241-b07 mixed mode windows-amd64 compressed oops)
Heap:
 PSYoungGen      total 213504K, used 132885K [0x0000000780000000, 0x000000078dc00000, 0x00000007c0000000)
  eden space 201728K, 64% used [0x0000000780000000,0x0000000787e81680,0x000000078c500000)
  from space 11776K, 28% used [0x000000078d080000,0x000000078d3c4080,0x000000078dc00000)
  to   space 11776K, 0% used [0x000000078c500000,0x000000078c500000,0x000000078d080000)
 ParOldGen       total 78336K, used 29462K [0x0000000700000000, 0x0000000704c80000, 0x0000000780000000)
  object space 78336K, 37% used [0x0000000700000000,0x0000000701cc59e0,0x0000000704c80000)
 Metaspace       used 48446K, capacity 49500K, committed 49576K, reserved 1091584K
  class space    used 6809K, capacity 7082K, committed 7088K, reserved 1048576K
GC Heap History (10 events):
Event: 29.131 GC heap before
{Heap before GC invocations=14 (full 2):
 PSYoungGen      total 90112K, used 86041K [0x0000000780000000, 0x0000000787e80000, 0x00000007c0000000)
  eden space 79360K, 99% used [0x0000000780000000,0x0000000784d6f750,0x0000000784d80000)
  from space 10752K, 62% used [0x0000000784d80000,0x0000000785416dd8,0x0000000785800000)
  to   space 10240K, 0% used [0x0000000787480000,0x0000000787480000,0x0000000787e80000)
 ParOldGen       total 78336K, used 15435K [0x0000000700000000, 0x0000000704c80000, 0x0000000780000000)
  object space 78336K, 19% used [0x0000000700000000,0x0000000700f12f90,0x0000000704c80000)
 Metaspace       used 42973K, capacity 43838K, committed 43944K, reserved 1087488K
  class space    used 6005K, capacity 6295K, committed 6320K, reserved 1048576K
Event: 29.152 GC heap after
Heap after GC invocations=14 (full 2):
 PSYoungGen      total 119296K, used 5546K [0x0000000780000000, 0x0000000787f00000, 0x00000007c0000000)
  eden space 109056K, 0% used [0x0000000780000000,0x0000000780000000,0x0000000786a80000)
  from space 10240K, 54% used [0x0000000787480000,0x00000007879eabd8,0x0000000787e80000)
  to   space 10240K, 0% used [0x0000000786a80000,0x0000000786a80000,0x0000000787480000)
 ParOldGen       total 78336K, used 19301K [0x0000000700000000, 0x0000000704c80000, 0x0000000780000000)
  object space 78336K, 24% used [0x0000000700000000,0x00000007012d96c8,0x0000000704c80000)
 Metaspace       used 42973K, capacity 43838K, committed 43944K, reserved 1087488K
  class space    used 6005K, capacity 6295K, committed 6320K, reserved 1048576K
}
Event: 30.193 GC heap before
{Heap before GC invocations=15 (full 2):
 PSYoungGen      total 119296K, used 114602K [0x0000000780000000, 0x0000000787f00000, 0x00000007c0000000)
  eden space 109056K, 100% used [0x0000000780000000,0x0000000786a80000,0x0000000786a80000)
  from space 10240K, 54% used [0x0000000787480000,0x00000007879eabd8,0x0000000787e80000)
  to   space 10240K, 0% used [0x0000000786a80000,0x0000000786a80000,0x0000000787480000)
 ParOldGen       total 78336K, used 19301K [0x0000000700000000, 0x0000000704c80000, 0x0000000780000000)
  object space 78336K, 24% used [0x0000000700000000,0x00000007012d96c8,0x0000000704c80000)
 Metaspace       used 45472K, capacity 46510K, committed 46632K, reserved 1089536K
  class space    used 6362K, capacity 6665K, committed 6704K, reserved 1048576K
Event: 30.206 GC heap after
Heap after GC invocations=15 (full 2):
 PSYoungGen      total 119296K, used 2080K [0x0000000780000000, 0x000000078a700000, 0x00000007c0000000)
  eden space 109056K, 0% used [0x0000000780000000,0x0000000780000000,0x0000000786a80000)
  from space 10240K, 20% used [0x0000000786a80000,0x0000000786c88000,0x0000000787480000)
  to   space 10240K, 0% used [0x0000000789d00000,0x0000000789d00000,0x000000078a700000)
 ParOldGen       total 78336K, used 22985K [0x0000000700000000, 0x0000000704c80000, 0x0000000780000000)
  object space 78336K, 29% used [0x0000000700000000,0x0000000701672718,0x0000000704c80000)
 Metaspace       used 45472K, capacity 46510K, committed 46632K, reserved 1089536K
  class space    used 6362K, capacity 6665K, committed 6704K, reserved 1048576K
}
Event: 32.112 GC heap before
{Heap before GC invocations=16 (full 2):
 PSYoungGen      total 119296K, used 107497K [0x0000000780000000, 0x000000078a700000, 0x00000007c0000000)
  eden space 109056K, 96% used [0x0000000780000000,0x00000007866f2758,0x0000000786a80000)
  from space 10240K, 20% used [0x0000000786a80000,0x0000000786c88000,0x0000000787480000)
  to   space 10240K, 0% used [0x0000000789d00000,0x0000000789d00000,0x000000078a700000)
 ParOldGen       total 78336K, used 22985K [0x0000000700000000, 0x0000000704c80000, 0x0000000780000000)
  object space 78336K, 29% used [0x0000000700000000,0x0000000701672718,0x0000000704c80000)
 Metaspace       used 47594K, capacity 48630K, committed 48808K, reserved 1091584K
  class space    used 6716K, capacity 6997K, committed 7088K, reserved 1048576K
Event: 32.141 GC heap after
Heap after GC invocations=16 (full 2):
 PSYoungGen      total 159232K, used 9883K [0x0000000780000000, 0x000000078ab00000, 0x00000007c0000000)
  eden space 148992K, 0% used [0x0000000780000000,0x0000000780000000,0x0000000789180000)
  from space 10240K, 96% used [0x0000000789d00000,0x000000078a6a6ee8,0x000000078a700000)
  to   space 11776K, 0% used [0x0000000789180000,0x0000000789180000,0x0000000789d00000)
 ParOldGen       total 78336K, used 24265K [0x0000000700000000, 0x0000000704c80000, 0x0000000780000000)
  object space 78336K, 30% used [0x0000000700000000,0x00000007017b2768,0x0000000704c80000)
 Metaspace       used 47594K, capacity 48630K, committed 48808K, reserved 1091584K
  class space    used 6716K, capacity 6997K, committed 7088K, reserved 1048576K
}
Event: 38.586 GC heap before
{Heap before GC invocations=17 (full 2):
 PSYoungGen      total 159232K, used 158872K [0x0000000780000000, 0x000000078ab00000, 0x00000007c0000000)
  eden space 148992K, 99% used [0x0000000780000000,0x000000078917f488,0x0000000789180000)
  from space 10240K, 96% used [0x0000000789d00000,0x000000078a6a6ee8,0x000000078a700000)
  to   space 11776K, 0% used [0x0000000789180000,0x0000000789180000,0x0000000789d00000)
 ParOldGen       total 78336K, used 24265K [0x0000000700000000, 0x0000000704c80000, 0x0000000780000000)
  object space 78336K, 30% used [0x0000000700000000,0x00000007017b2768,0x0000000704c80000)
 Metaspace       used 48181K, capacity 49236K, committed 49320K, reserved 1091584K
  class space    used 6783K, capacity 7040K, committed 7088K, reserved 1048576K
Event: 38.594 GC heap after
Heap after GC invocations=17 (full 2):
 PSYoungGen      total 160768K, used 1971K [0x0000000780000000, 0x000000078dc00000, 0x00000007c0000000)
  eden space 148992K, 0% used [0x0000000780000000,0x0000000780000000,0x0000000789180000)
  from space 11776K, 16% used [0x0000000789180000,0x000000078936cd50,0x0000000789d00000)
  to   space 11776K, 0% used [0x000000078d080000,0x000000078d080000,0x000000078dc00000)
 ParOldGen       total 78336K, used 28705K [0x0000000700000000, 0x0000000704c80000, 0x0000000780000000)
  object space 78336K, 36% used [0x0000000700000000,0x0000000701c084e8,0x0000000704c80000)
 Metaspace       used 48181K, capacity 49236K, committed 49320K, reserved 1091584K
  class space    used 6783K, capacity 7040K, committed 7088K, reserved 1048576K
}
Event: 39.127 GC heap before
{Heap before GC invocations=18 (full 2):
 PSYoungGen      total 160768K, used 149821K [0x0000000780000000, 0x000000078dc00000, 0x00000007c0000000)
  eden space 148992K, 99% used [0x0000000780000000,0x0000000789062a70,0x0000000789180000)
  from space 11776K, 16% used [0x0000000789180000,0x000000078936cd50,0x0000000789d00000)
  to   space 11776K, 0% used [0x000000078d080000,0x000000078d080000,0x000000078dc00000)
 ParOldGen       total 78336K, used 28705K [0x0000000700000000, 0x0000000704c80000, 0x0000000780000000)
  object space 78336K, 36% used [0x0000000700000000,0x0000000701c084e8,0x0000000704c80000)
 Metaspace       used 48184K, capacity 49236K, committed 49320K, reserved 1091584K
  class space    used 6784K, capacity 7040K, committed 7088K, reserved 1048576K
Event: 39.132 GC heap after
Heap after GC invocations=18 (full 2):
 PSYoungGen      total 213504K, used 3344K [0x0000000780000000, 0x000000078dc00000, 0x00000007c0000000)
  eden space 201728K, 0% used [0x0000000780000000,0x0000000780000000,0x000000078c500000)
  from space 11776K, 28% used [0x000000078d080000,0x000000078d3c4080,0x000000078dc00000)
  to   space 11776K, 0% used [0x000000078c500000,0x000000078c500000,0x000000078d080000)
 ParOldGen       total 78336K, used 29462K [0x0000000700000000, 0x0000000704c80000, 0x0000000780000000)
  object space 78336K, 37% used [0x0000000700000000,0x0000000701cc59e0,0x0000000704c80000)
 Metaspace       used 48184K, capacity 49236K, committed 49320K, reserved 1091584K
  class space    used 6784K, capacity 7040K, committed 7088K, reserved 1048576K
}

